{
  "RSpec": {
    "coverage": {
      "/home/codio/workspace/project/app.rb": {
        "lines": [
          1,
          1,
          1,
          1,
          null,
          1,
          null,
          null,
          1,
          null,
          null,
          1,
          null,
          null,
          1,
          1,
          null,
          null,
          1,
          1,
          null,
          null,
          null
        ]
      },
      "/home/codio/workspace/project/db/db.rb": {
        "lines": [
          1,
          1,
          null,
          null,
          1,
          null,
          null,
          1,
          1,
          null,
          null,
          1,
          1,
          null,
          null,
          1,
          null,
          null,
          1
        ]
      },
      "/home/codio/workspace/project/controllers/accountData.rb": {
        "lines": [
          1,
          null,
          1,
          null,
          1,
          1,
          1,
          null,
          0,
          0,
          0,
          null,
          null,
          null,
          0,
          null,
          null,
          null,
          1,
          null,
          1,
          1,
          null,
          0,
          null,
          null,
          null,
          null,
          1,
          null
        ]
      },
      "/home/codio/workspace/project/controllers/confirmation.rb": {
        "lines": [
          1,
          2,
          2,
          2,
          2,
          2,
          null,
          2,
          null,
          2,
          2,
          null,
          2,
          null
        ]
      },
      "/home/codio/workspace/project/controllers/createAccount.rb": {
        "lines": [
          1,
          23,
          23,
          null,
          23,
          null,
          null,
          1,
          21,
          21,
          null,
          21,
          20,
          20,
          null,
          null,
          1,
          null
        ]
      },
      "/home/codio/workspace/project/controllers/delete.rb": {
        "lines": [
          1,
          0,
          null,
          0,
          0,
          0,
          0,
          null,
          null,
          0,
          null
        ]
      },
      "/home/codio/workspace/project/controllers/edit.rb": {
        "lines": [
          1,
          0,
          0,
          0,
          null,
          null,
          1,
          null,
          0,
          0,
          null,
          0,
          null,
          0,
          null,
          0,
          0,
          0,
          null,
          0,
          0,
          null,
          0,
          0,
          null,
          null,
          0,
          null,
          null,
          null,
          null,
          null,
          0,
          null
        ]
      },
      "/home/codio/workspace/project/controllers/index.rb": {
        "lines": [
          1,
          0,
          0,
          null,
          0,
          null,
          null,
          null,
          1,
          1,
          null
        ]
      },
      "/home/codio/workspace/project/controllers/login.rb": {
        "lines": [
          1,
          null,
          36,
          0,
          null,
          null,
          36,
          36,
          null,
          null,
          1,
          null,
          null,
          19,
          19,
          19,
          19,
          null,
          19,
          15,
          14,
          null,
          14,
          null,
          14,
          14,
          65,
          65,
          65,
          null,
          14,
          14,
          14,
          14,
          null,
          1,
          null,
          null,
          4,
          null,
          null,
          5,
          null,
          null,
          null,
          1,
          15,
          15,
          15,
          null,
          15,
          null,
          null,
          1,
          null,
          4,
          4,
          4,
          4,
          4,
          4,
          4,
          null,
          4,
          null
        ]
      },
      "/home/codio/workspace/project/controllers/profilePage.rb": {
        "lines": [
          1,
          null,
          null,
          null,
          1,
          null,
          1,
          null,
          1,
          3,
          3,
          3,
          3,
          3,
          3,
          null,
          null,
          1,
          null,
          1,
          null,
          1,
          null,
          null,
          null,
          null,
          1,
          0,
          0,
          0,
          null,
          null,
          null,
          1,
          0,
          0,
          0,
          0,
          null,
          0,
          0,
          0,
          null,
          null,
          null,
          null
        ]
      },
      "/home/codio/workspace/project/controllers/request.rb": {
        "lines": [
          1,
          6,
          6,
          6,
          6,
          null,
          6,
          2,
          2,
          null,
          4,
          null,
          null,
          6,
          null,
          6,
          6,
          null,
          6,
          null
        ]
      },
      "/home/codio/workspace/project/controllers/userData.rb": {
        "lines": [
          1,
          2,
          1,
          null,
          null,
          1,
          1,
          null,
          1,
          1,
          null,
          0,
          null,
          1,
          null
        ]
      },
      "/home/codio/workspace/project/controllers/view.rb": {
        "lines": [
          1,
          null,
          0,
          null,
          0,
          null,
          0,
          0,
          0,
          0,
          0,
          0,
          0,
          null,
          null,
          0,
          null,
          null,
          0,
          null,
          null,
          null,
          0,
          null,
          null,
          null
        ]
      },
      "/home/codio/workspace/project/models/user.rb": {
        "lines": [
          null,
          1,
          1,
          null,
          1,
          null,
          1,
          null,
          40,
          40,
          40,
          40,
          40,
          40,
          40,
          40,
          null,
          null,
          1,
          41,
          41,
          41,
          41,
          41,
          41,
          41,
          41,
          41,
          41,
          null,
          null,
          1,
          41,
          41,
          46,
          40,
          null,
          null,
          1,
          null,
          null,
          1,
          15,
          15,
          14,
          null,
          1,
          null,
          null,
          1,
          0,
          0,
          null,
          null,
          1,
          19,
          4,
          null,
          15,
          null,
          null,
          1,
          0,
          0,
          0,
          0,
          null,
          null,
          1,
          28,
          null,
          null,
          1,
          6,
          null,
          null,
          null
        ]
      },
      "/home/codio/workspace/project/helpers/Validation.rb": {
        "lines": [
          1,
          1,
          0,
          null,
          0,
          null,
          null,
          null
        ]
      }
    },
    "timestamp": 1620656564
  }
}
